<?xml version="1.0" encoding="UTF-8"?>
<testng-results skipped="0" failed="0" ignored="0" total="1" passed="1">
  <reporter-output>
  </reporter-output>
  <suite name="Default suite" duration-ms="5121" started-at="2022-10-15T17:10:43 CDT" finished-at="2022-10-15T17:10:48 CDT">
    <groups>
    </groups>
    <test name="Default test" duration-ms="5121" started-at="2022-10-15T17:10:43 CDT" finished-at="2022-10-15T17:10:48 CDT">
      <class name="test.DropDownListTest">
        <test-method status="PASS" signature="validateDropDownMenue()[pri:0, instance:test.DropDownListTest@646d64ab]" name="validateDropDownMenue" duration-ms="5051" started-at="2022-10-15T17:10:43 CDT" finished-at="2022-10-15T17:10:48 CDT">
          <reporter-output>
          </reporter-output>
        </test-method> <!-- validateDropDownMenue -->
      </class> <!-- test.DropDownListTest -->
    </test> <!-- Default test -->
  </suite> <!-- Default suite -->
</testng-results>
